<?xml version="1.0" encoding="UTF-8"?>
<!-- Generated by org.testng.reporters.JUnitReportReporter -->
<testsuite hostname="LAPTOP-RBIMGVPE" failures="0" tests="1" name="Tests.filteringTest" time="11.249" errors="0" timestamp="2023-10-14T19:09:52 EEST" skipped="0">
  <testcase classname="Tests.filteringTest" name="filteringStaysResults" time="11.249"/>
  <system-out/>
</testsuite> <!-- Tests.filteringTest -->
