<?xml version="1.0" encoding="UTF-8"?>
<!-- Generated by org.testng.reporters.JUnitReportReporter -->
<testsuite hostname="LAPTOP-RBIMGVPE" failures="0" tests="1" name="Tests.searchTest" time="3.726" errors="0" timestamp="2023-10-14T20:33:51 EEST" skipped="0">
  <testcase classname="Tests.searchTest" name="searchForVacationPlace" time="3.726"/>
  <system-out/>
</testsuite> <!-- Tests.searchTest -->
